[debug] [2024-03-01T11:33:07.768Z] ----------------------------------------------------------------------
[debug] [2024-03-01T11:33:07.769Z] Command:       /usr/local/bin/node /opt/homebrew/bin/firebase deploy --debug
[debug] [2024-03-01T11:33:07.769Z] CLI Version:   12.3.1
[debug] [2024-03-01T11:33:07.769Z] Platform:      darwin
[debug] [2024-03-01T11:33:07.770Z] Node Version:  v20.11.0
[debug] [2024-03-01T11:33:07.770Z] Time:          Fri Mar 01 2024 05:33:07 GMT-0600 (Central Standard Time)
[debug] [2024-03-01T11:33:07.770Z] ----------------------------------------------------------------------
[debug] 
[debug] [2024-03-01T11:33:07.806Z] > command requires scopes: ["email","openid","https://www.googleapis.com/auth/cloudplatformprojects.readonly","https://www.googleapis.com/auth/firebase","https://www.googleapis.com/auth/cloud-platform"]
[debug] [2024-03-01T11:33:07.806Z] > authorizing via signed-in user (debra4117@gmail.com)
[debug] [2024-03-01T11:33:07.806Z] [iam] checking project upw-referral-form-fronted for permissions ["firebase.projects.get","firebasehosting.sites.update"]
[debug] [2024-03-01T11:33:07.807Z] >>> [apiv2][query] POST https://cloudresourcemanager.googleapis.com/v1/projects/upw-referral-form-fronted:testIamPermissions [none]
[debug] [2024-03-01T11:33:07.807Z] >>> [apiv2][(partial)header] POST https://cloudresourcemanager.googleapis.com/v1/projects/upw-referral-form-fronted:testIamPermissions x-goog-quota-user=projects/upw-referral-form-fronted
[debug] [2024-03-01T11:33:07.808Z] >>> [apiv2][body] POST https://cloudresourcemanager.googleapis.com/v1/projects/upw-referral-form-fronted:testIamPermissions {"permissions":["firebase.projects.get","firebasehosting.sites.update"]}
[debug] [2024-03-01T11:33:08.047Z] <<< [apiv2][status] POST https://cloudresourcemanager.googleapis.com/v1/projects/upw-referral-form-fronted:testIamPermissions 200
[debug] [2024-03-01T11:33:08.048Z] <<< [apiv2][body] POST https://cloudresourcemanager.googleapis.com/v1/projects/upw-referral-form-fronted:testIamPermissions {"permissions":["firebase.projects.get","firebasehosting.sites.update"]}
[debug] [2024-03-01T11:33:08.048Z] >>> [apiv2][query] GET https://firebase.googleapis.com/v1beta1/projects/upw-referral-form-fronted [none]
[debug] [2024-03-01T11:33:08.249Z] <<< [apiv2][status] GET https://firebase.googleapis.com/v1beta1/projects/upw-referral-form-fronted 200
[debug] [2024-03-01T11:33:08.250Z] <<< [apiv2][body] GET https://firebase.googleapis.com/v1beta1/projects/upw-referral-form-fronted {"projectId":"upw-referral-form-fronted","projectNumber":"365759952","displayName":"UPW Referral Form Fronted","name":"projects/upw-referral-form-fronted","resources":{"hostingSite":"upw-referral-form-fronted"},"state":"ACTIVE","etag":"1_82220cb7-1780-4e07-8633-98fd9cf5253c"}
[info] 
   Thank you for trying our early preview of Next.js support on Firebase Hosting.
   During the preview, support is best-effort and breaking changes can be expected. Proceed with caution.

   Documentation: https://firebase.google.com/docs/hosting/frameworks/nextjs
   File a bug: https://github.com/firebase/firebase-tools/issues/new?template=bug_report.md
   Submit a feature request: https://github.com/firebase/firebase-tools/issues/new?template=feature_request.md

   We'd love to learn from you. Express your interest in helping us shape the future of Firebase Hosting: https://goo.gle/41enW5X

[debug] [2024-03-01T11:33:20.068Z] Error: ENOENT: no such file or directory, open '/Users/shou-tzuhan/Downloads/Next-Template-main/.next/server/client-reference-manifest.js'
[error] 
[error] Error: An unexpected error has occurred.
